2023-01-25T09:41:50-08:00 CRITICAL Uncaught Error: Call to undefined function IMG() in /Users/nandahoyos/Sites/nando/wp-content/themes/ui-concord/front-page.php:8
Stack trace:
#0 /Users/nandahoyos/Sites/nando/wp-includes/template-loader.php(106): include()
#1 /Users/nandahoyos/Sites/nando/wp-blog-header.php(19): require_once('/Users/nandahoy...')
#2 /Users/nandahoyos/Sites/nando/index.php(17): require('/Users/nandahoy...')
#3 /Users/nandahoyos/.composer/vendor/laravel/valet/server.php(234): require('/Users/nandahoy...')
#4 {main}
  thrown in /Users/nandahoyos/Sites/nando/wp-content/themes/ui-concord/front-page.php on line 8

2023-01-25T09:42:54-08:00 CRITICAL Uncaught Error: Call to undefined function IMG() in /Users/nandahoyos/Sites/nando/wp-content/themes/ui-concord/front-page.php:21
Stack trace:
#0 /Users/nandahoyos/Sites/nando/wp-includes/template-loader.php(106): include()
#1 /Users/nandahoyos/Sites/nando/wp-blog-header.php(19): require_once('/Users/nandahoy...')
#2 /Users/nandahoyos/Sites/nando/index.php(17): require('/Users/nandahoy...')
#3 /Users/nandahoyos/.composer/vendor/laravel/valet/server.php(234): require('/Users/nandahoy...')
#4 {main}
  thrown in /Users/nandahoyos/Sites/nando/wp-content/themes/ui-concord/front-page.php on line 21

2023-01-25T09:42:57-08:00 CRITICAL Uncaught Error: Call to undefined function IMG() in /Users/nandahoyos/Sites/nando/wp-content/themes/ui-concord/front-page.php:21
Stack trace:
#0 /Users/nandahoyos/Sites/nando/wp-includes/template-loader.php(106): include()
#1 /Users/nandahoyos/Sites/nando/wp-blog-header.php(19): require_once('/Users/nandahoy...')
#2 /Users/nandahoyos/Sites/nando/index.php(17): require('/Users/nandahoy...')
#3 /Users/nandahoyos/.composer/vendor/laravel/valet/server.php(234): require('/Users/nandahoy...')
#4 {main}
  thrown in /Users/nandahoyos/Sites/nando/wp-content/themes/ui-concord/front-page.php on line 21

2023-01-25T09:43:30-08:00 CRITICAL Uncaught Error: Call to undefined function IMG() in /Users/nandahoyos/Sites/nando/wp-content/themes/ui-concord/front-page.php:21
Stack trace:
#0 /Users/nandahoyos/Sites/nando/wp-includes/template-loader.php(106): include()
#1 /Users/nandahoyos/Sites/nando/wp-blog-header.php(19): require_once('/Users/nandahoy...')
#2 /Users/nandahoyos/Sites/nando/index.php(17): require('/Users/nandahoy...')
#3 /Users/nandahoyos/.composer/vendor/laravel/valet/server.php(234): require('/Users/nandahoy...')
#4 {main}
  thrown in /Users/nandahoyos/Sites/nando/wp-content/themes/ui-concord/front-page.php on line 21

2023-01-25T09:43:34-08:00 CRITICAL Uncaught Error: Call to undefined function IMG() in /Users/nandahoyos/Sites/nando/wp-content/themes/ui-concord/front-page.php:21
Stack trace:
#0 /Users/nandahoyos/Sites/nando/wp-includes/template-loader.php(106): include()
#1 /Users/nandahoyos/Sites/nando/wp-blog-header.php(19): require_once('/Users/nandahoy...')
#2 /Users/nandahoyos/Sites/nando/index.php(17): require('/Users/nandahoy...')
#3 /Users/nandahoyos/.composer/vendor/laravel/valet/server.php(234): require('/Users/nandahoy...')
#4 {main}
  thrown in /Users/nandahoyos/Sites/nando/wp-content/themes/ui-concord/front-page.php on line 21

2023-01-25T09:43:36-08:00 CRITICAL Uncaught Error: Call to undefined function IMG() in /Users/nandahoyos/Sites/nando/wp-content/themes/ui-concord/front-page.php:21
Stack trace:
#0 /Users/nandahoyos/Sites/nando/wp-includes/template-loader.php(106): include()
#1 /Users/nandahoyos/Sites/nando/wp-blog-header.php(19): require_once('/Users/nandahoy...')
#2 /Users/nandahoyos/Sites/nando/index.php(17): require('/Users/nandahoy...')
#3 /Users/nandahoyos/.composer/vendor/laravel/valet/server.php(234): require('/Users/nandahoy...')
#4 {main}
  thrown in /Users/nandahoyos/Sites/nando/wp-content/themes/ui-concord/front-page.php on line 21

2023-01-25T09:43:41-08:00 CRITICAL Uncaught Error: Call to undefined function IMG() in /Users/nandahoyos/Sites/nando/wp-content/themes/ui-concord/front-page.php:21
Stack trace:
#0 /Users/nandahoyos/Sites/nando/wp-includes/template-loader.php(106): include()
#1 /Users/nandahoyos/Sites/nando/wp-blog-header.php(19): require_once('/Users/nandahoy...')
#2 /Users/nandahoyos/Sites/nando/index.php(17): require('/Users/nandahoy...')
#3 /Users/nandahoyos/.composer/vendor/laravel/valet/server.php(234): require('/Users/nandahoy...')
#4 {main}
  thrown in /Users/nandahoyos/Sites/nando/wp-content/themes/ui-concord/front-page.php on line 21

2023-01-25T09:44:13-08:00 CRITICAL Uncaught Error: Call to undefined function IMG() in /Users/nandahoyos/Sites/nando/wp-content/themes/ui-concord/front-page.php:21
Stack trace:
#0 /Users/nandahoyos/Sites/nando/wp-includes/template-loader.php(106): include()
#1 /Users/nandahoyos/Sites/nando/wp-blog-header.php(19): require_once('/Users/nandahoy...')
#2 /Users/nandahoyos/Sites/nando/index.php(17): require('/Users/nandahoy...')
#3 /Users/nandahoyos/.composer/vendor/laravel/valet/server.php(234): require('/Users/nandahoy...')
#4 {main}
  thrown in /Users/nandahoyos/Sites/nando/wp-content/themes/ui-concord/front-page.php on line 21

2023-01-25T09:44:14-08:00 CRITICAL Uncaught Error: Call to undefined function IMG() in /Users/nandahoyos/Sites/nando/wp-content/themes/ui-concord/front-page.php:21
Stack trace:
#0 /Users/nandahoyos/Sites/nando/wp-includes/template-loader.php(106): include()
#1 /Users/nandahoyos/Sites/nando/wp-blog-header.php(19): require_once('/Users/nandahoy...')
#2 /Users/nandahoyos/Sites/nando/index.php(17): require('/Users/nandahoy...')
#3 /Users/nandahoyos/.composer/vendor/laravel/valet/server.php(234): require('/Users/nandahoy...')
#4 {main}
  thrown in /Users/nandahoyos/Sites/nando/wp-content/themes/ui-concord/front-page.php on line 21

